<?xml version="1.0" encoding="UTF-8"?>
<!-- Generated by org.testng.reporters.JUnitReportReporter -->
<testsuite hostname="Jiyongs-MacBook-Pro.local" name="testNG.LoginSuccessTest" tests="4" failures="0" timestamp="22 Feb 2016 04:44:36 GMT" time="11.862" errors="0">
  <testcase name="enterCredentials" time="5.368" classname="testNG.LoginSuccessTest"/>
  <testcase name="navigateToLoginPage" time="1.660" classname="testNG.LoginSuccessTest"/>
  <testcase name="createNewDocumentTest" time="4.821" classname="testNG.LoginSuccessTest"/>
  <testcase name="verifyIntroTitle" time="0.013" classname="testNG.LoginSuccessTest"/>
</testsuite> <!-- testNG.LoginSuccessTest -->
