<?xml version="1.0" encoding="UTF-8"?>
<!-- Generated by org.testng.reporters.JUnitReportReporter -->
<testsuite hostname="Jiyongs-MacBook-Pro.local" name="testNG.CreateOtherFileTest" tests="4" failures="0" timestamp="22 Feb 2016 04:44:36 GMT" time="11.725" errors="0">
  <testcase name="enterCredentials" time="5.383" classname="testNG.CreateOtherFileTest"/>
  <testcase name="navigateToLoginPage" time="1.673" classname="testNG.CreateOtherFileTest"/>
  <testcase name="verifyIntroTitle" time="0.012" classname="testNG.CreateOtherFileTest"/>
  <testcase name="createNewDocumentTest" time="4.657" classname="testNG.CreateOtherFileTest"/>
</testsuite> <!-- testNG.CreateOtherFileTest -->
