<?xml version="1.0" encoding="UTF-8"?>
<!-- Generated by org.testng.reporters.JUnitReportReporter -->
<testsuite hostname="Jiyongs-MacBook-Pro.local" name="testNG.NewTest" tests="1" failures="0" timestamp="21 Feb 2016 08:31:55 GMT" time="0.013" errors="0">
  <testcase name="verifyTitle" time="0.013" classname="testNG.NewTest"/>
</testsuite> <!-- testNG.NewTest -->
