<?xml version="1.0" encoding="UTF-8"?>
<!-- Generated by org.testng.reporters.JUnitReportReporter -->
<testsuite hostname="Jiyongs-MacBook-Pro.local" name="testNG.LoginFailTest" tests="3" failures="0" timestamp="22 Feb 2016 04:44:36 GMT" time="2.660" errors="0">
  <testcase name="navigateToLoginPage" time="1.750" classname="testNG.LoginFailTest"/>
  <testcase name="verifyIntroTitle" time="0.010" classname="testNG.LoginFailTest"/>
  <testcase name="verifyFailure" time="0.900" classname="testNG.LoginFailTest"/>
</testsuite> <!-- testNG.LoginFailTest -->
